<?xml version="1.0" encoding="UTF-8"?>
<!-- Generated by org.testng.reporters.JUnitXMLReporter -->
<testsuite ignored="0" hostname="DESKTOP-RC1L530" failures="0" tests="6" name="Test-c" time="310.349" errors="0" timestamp="2025-06-12T17:41:29 IST">
  <testcase classname="OrganizationModel.OrgScenariosTest" name="CreateOrgWithPhno" time="51.687"/>
  <testcase classname="OrganizationModel.OrgScenariosTest" name="CreateOrganizationAndType" time="47.575"/>
  <testcase classname="OrganizationModel.OrgScenariosTest" name="createOrg" time="46.961"/>
  <testcase classname="ContactsModels.ContactScenariosTest" name="createConWithSupportDate" time="46.155"/>
  <testcase classname="ContactsModels.ContactScenariosTest" name="createContact" time="44.398"/>
  <testcase classname="ContactsModels.ContactScenariosTest" name="createContactwithOrg" time="73.415"/>
</testsuite> <!-- Test-c -->
