<?xml version="1.0" encoding="UTF-8"?>
<!-- Generated by org.testng.reporters.JUnitXMLReporter -->
<testsuite ignored="0" hostname="DESKTOP-RC1L530" failures="0" tests="6" name="Test-e" time="312.187" errors="0" timestamp="2025-06-12T17:41:31 IST">
  <testcase classname="OrganizationModel.OrgScenariosTest" name="CreateOrgWithPhno" time="51.669"/>
  <testcase classname="OrganizationModel.OrgScenariosTest" name="CreateOrganizationAndType" time="46.623"/>
  <testcase classname="OrganizationModel.OrgScenariosTest" name="createOrg" time="47.204"/>
  <testcase classname="ContactsModels.ContactScenariosTest" name="createConWithSupportDate" time="47.333"/>
  <testcase classname="ContactsModels.ContactScenariosTest" name="createContact" time="48.614"/>
  <testcase classname="ContactsModels.ContactScenariosTest" name="createContactwithOrg" time="70.582"/>
</testsuite> <!-- Test-e -->
