<?xml version="1.0" encoding="UTF-8"?>
<!-- Generated by org.testng.reporters.JUnitReportReporter -->
<testsuite hostname="DESKTOP-RC1L530" failures="0" tests="3" name="OrganizationModel.OrgScenariosTest$OrganizationScenariosTest" time="105.957" errors="0" timestamp="2025-06-19T17:07:14 IST" skipped="0">
  <testcase classname="OrganizationModel.OrgScenariosTest$OrganizationScenariosTest" name="CreateOrganization_IndustryAndType" time="37.388"/>
  <testcase classname="OrganizationModel.OrgScenariosTest$OrganizationScenariosTest" name="createOrg" time="36.102"/>
  <testcase classname="OrganizationModel.OrgScenariosTest$OrganizationScenariosTest" name="createOrganizationWithPhoneNumber" time="32.467"/>
  <system-out>
    <![CDATA[Connected with the database
Configure Parallel Exe
Launch the browser
Navigated and logged in
logout
Navigated and logged in
logout
Navigated and logged in
logout
Close the browser
Launch the browser
Navigated and logged in
logout
Navigated and logged in
logout
Navigated and logged in
logout
Close the browser
Close the parallel Exe
Disconnected with the Database]]>
  </system-out>
</testsuite> <!-- OrganizationModel.OrgScenariosTest$OrganizationScenariosTest -->
