<?xml version="1.0" encoding="UTF-8"?>
<!-- Generated by org.testng.reporters.JUnitReportReporter -->
<testsuite hostname="DESKTOP-RC1L530" failures="0" tests="1" name="OrganizationModel.CreateOrganization" time="39.203" errors="0" timestamp="2025-06-19T14:32:01 IST" skipped="0">
  <testcase classname="OrganizationModel.CreateOrganization" name="createOrg" time="39.203"/>
</testsuite> <!-- OrganizationModel.CreateOrganization -->
