<?xml version="1.0" encoding="UTF-8"?>
<!-- Generated by org.testng.reporters.JUnitReportReporter -->
<testsuite hostname="DESKTOP-RC1L530" failures="0" tests="3" name="OrganizationModel.OrgScenariosTest" time="0.001" errors="0" timestamp="2025-06-19T12:22:03 IST" skipped="3">
  <testcase classname="OrganizationModel.OrgScenariosTest" name="CreateOrganizationAndType" time="0.000">
    <skipped/>
    <system-out>
      <![CDATA[Test Execution Skipped
On Test Execution started]]>
    </system-out>
  </testcase> <!-- CreateOrganizationAndType -->
  <testcase classname="OrganizationModel.OrgScenariosTest" name="createOrg" time="0.000">
    <skipped/>
    <system-out>
      <![CDATA[Test Execution Skipped]]>
    </system-out>
  </testcase> <!-- createOrg -->
  <testcase classname="OrganizationModel.OrgScenariosTest" name="CreateOrgWithPhno" time="0.001">
    <skipped/>
    <system-out>
      <![CDATA[Test Execution Skipped
On Test Execution started]]>
    </system-out>
  </testcase> <!-- CreateOrgWithPhno -->
  <system-out>
    <![CDATA[On Suite Execution started
Configure the Report
On Test Execution started
On Test Execution started
Test Execution Skipped
On Suite Execution started
Configure the Report
On Test Execution started
On Test Execution started
Test Execution Skipped
On Test Execution started
Test Execution Skipped
On Test Execution started
Test Execution Skipped
On Test Execution started
Test Execution Skipped
On Test Execution started
Test Execution Skipped]]>
  </system-out>
</testsuite> <!-- OrganizationModel.OrgScenariosTest -->
